ShopApp/ShopApp/app/build/intermediates/manifest_merge_blame_file/debug/processDebugMainManifest/manifest-merger-blame-debug-report.txt
1<?xml version="1.0" encoding="utf-8"?>
2<manifest xmlns:android="http://schemas.android.com/apk/res/android"
3    package="com.example.shopapp"
4    android:versionCode="1"
5    android:versionName="1.0" >
6
7    <uses-sdk
8        android:minSdkVersion="24"
9        android:targetSdkVersion="36" />
10
11    <uses-permission android:name="android.permission.INTERNET" />
11-->src\main\AndroidManifest.xml:5:5-67
11-->src\main\AndroidManifest.xml:5:22-64
12    <uses-permission android:name="android.permission.POST_NOTIFICATIONS" />
12-->src\main\AndroidManifest.xml:6:5-77
12-->src\main\AndroidManifest.xml:6:22-74
13
14    <!-- Although the *SdkVersion is captured in gradle build files, this is required for non gradle builds -->
15    <!-- <uses-sdk android:minSdkVersion="21" /> -->
16    <uses-permission android:name="android.permission.ACCESS_NETWORK_STATE" />
16-->[com.google.firebase:firebase-firestore:26.0.1] AndroidManifest.xml:10:5-79
16-->[com.google.firebase:firebase-firestore:26.0.1] AndroidManifest.xml:10:22-76
17    <uses-permission android:name="android.permission.WAKE_LOCK" /> <!-- Required by older versions of Google Play services to create IID tokens -->
17-->[com.google.firebase:firebase-messaging:25.0.1] AndroidManifest.xml:24:5-68
17-->[com.google.firebase:firebase-messaging:25.0.1] AndroidManifest.xml:24:22-65
18    <uses-permission android:name="com.google.android.c2dm.permission.RECEIVE" />
18-->[com.google.firebase:firebase-messaging:25.0.1] AndroidManifest.xml:26:5-82
18-->[com.google.firebase:firebase-messaging:25.0.1] AndroidManifest.xml:26:22-79
19    <uses-permission android:name="com.google.android.finsky.permission.BIND_GET_INSTALL_REFERRER_SERVICE" />
19-->[com.google.android.gms:play-services-measurement:23.0.0] AndroidManifest.xml:26:5-110
19-->[com.google.android.gms:play-services-measurement:23.0.0] AndroidManifest.xml:26:22-107
20    <uses-permission android:name="com.google.android.gms.permission.AD_ID" />
20-->[com.google.android.gms:play-services-measurement-api:23.0.0] AndroidManifest.xml:25:5-79
20-->[com.google.android.gms:play-services-measurement-api:23.0.0] AndroidManifest.xml:25:22-76
21    <uses-permission android:name="android.permission.ACCESS_ADSERVICES_ATTRIBUTION" />
21-->[com.google.android.gms:play-services-measurement-api:23.0.0] AndroidManifest.xml:26:5-88
21-->[com.google.android.gms:play-services-measurement-api:23.0.0] AndroidManifest.xml:26:22-85
22    <uses-permission android:name="android.permission.ACCESS_ADSERVICES_AD_ID" />
22-->[com.google.android.gms:play-services-measurement-api:23.0.0] AndroidManifest.xml:27:5-82
22-->[com.google.android.gms:play-services-measurement-api:23.0.0] AndroidManifest.xml:27:22-79
23    <uses-permission android:name="com.google.android.providers.gsf.permission.READ_GSERVICES" />
23-->[com.google.android.recaptcha:recaptcha:18.6.1] AndroidManifest.xml:9:5-98
23-->[com.google.android.recaptcha:recaptcha:18.6.1] AndroidManifest.xml:9:22-95
24
25    <permission
25-->[androidx.core:core:1.13.0] AndroidManifest.xml:22:5-24:47
26        android:name="com.example.shopapp.DYNAMIC_RECEIVER_NOT_EXPORTED_PERMISSION"
26-->[androidx.core:core:1.13.0] AndroidManifest.xml:23:9-81
27        android:protectionLevel="signature" />
27-->[androidx.core:core:1.13.0] AndroidManifest.xml:24:9-44
28
29    <uses-permission android:name="com.example.shopapp.DYNAMIC_RECEIVER_NOT_EXPORTED_PERMISSION" />
29-->[androidx.core:core:1.13.0] AndroidManifest.xml:26:5-97
29-->[androidx.core:core:1.13.0] AndroidManifest.xml:26:22-94
30
31    <application
31-->src\main\AndroidManifest.xml:8:5-107:19
32        android:allowBackup="true"
32-->src\main\AndroidManifest.xml:9:9-35
33        android:appComponentFactory="androidx.core.app.CoreComponentFactory"
33-->[androidx.core:core:1.13.0] AndroidManifest.xml:28:18-86
34        android:dataExtractionRules="@xml/data_extraction_rules"
34-->src\main\AndroidManifest.xml:10:9-65
35        android:debuggable="true"
36        android:extractNativeLibs="false"
37        android:fullBackupContent="@xml/backup_rules"
37-->src\main\AndroidManifest.xml:11:9-54
38        android:icon="@mipmap/ic_launcher"
38-->src\main\AndroidManifest.xml:12:9-43
39        android:label="@string/app_name"
39-->src\main\AndroidManifest.xml:13:9-41
40        android:roundIcon="@mipmap/ic_launcher_round"
40-->src\main\AndroidManifest.xml:14:9-54
41        android:supportsRtl="true"
41-->src\main\AndroidManifest.xml:15:9-35
42        android:testOnly="true"
43        android:theme="@style/Theme.ShopApp" >
43-->src\main\AndroidManifest.xml:16:9-45
44        <service
44-->src\main\AndroidManifest.xml:18:9-24:19
45            android:name="com.example.shopapp.MyFirebaseMessagingService"
45-->src\main\AndroidManifest.xml:19:13-55
46            android:exported="false" >
46-->src\main\AndroidManifest.xml:20:13-37
47            <intent-filter>
47-->src\main\AndroidManifest.xml:21:13-23:29
48                <action android:name="com.google.firebase.MESSAGING_EVENT" />
48-->src\main\AndroidManifest.xml:22:17-78
48-->src\main\AndroidManifest.xml:22:25-75
49            </intent-filter>
50        </service>
51
52        <activity
52-->src\main\AndroidManifest.xml:26:9-35:20
53            android:name="com.example.shopapp.VNPayActivity"
53-->src\main\AndroidManifest.xml:27:13-42
54            android:exported="true" >
54-->src\main\AndroidManifest.xml:28:13-36
55            <intent-filter>
55-->src\main\AndroidManifest.xml:29:13-34:29
56                <action android:name="android.intent.action.VIEW" />
56-->src\main\AndroidManifest.xml:30:17-69
56-->src\main\AndroidManifest.xml:30:25-66
57
58                <category android:name="android.intent.category.DEFAULT" />
58-->src\main\AndroidManifest.xml:31:17-76
58-->src\main\AndroidManifest.xml:31:27-73
59                <category android:name="android.intent.category.BROWSABLE" />
59-->src\main\AndroidManifest.xml:32:17-78
59-->src\main\AndroidManifest.xml:32:27-75
60
61                <data
61-->src\main\AndroidManifest.xml:33:17-104
62                    android:host="shopapp"
62-->src\main\AndroidManifest.xml:33:44-66
63                    android:pathPrefix="/vnpay-return"
63-->src\main\AndroidManifest.xml:33:67-101
64                    android:scheme="app" />
64-->src\main\AndroidManifest.xml:33:23-43
65            </intent-filter>
66        </activity>
67        <activity
67-->src\main\AndroidManifest.xml:37:9-39:40
68            android:name="com.example.shopapp.MyReviewsActivity"
68-->src\main\AndroidManifest.xml:38:13-46
69            android:exported="false" />
69-->src\main\AndroidManifest.xml:39:13-37
70        <activity
70-->src\main\AndroidManifest.xml:40:9-42:40
71            android:name="com.example.shopapp.WriteReviewActivity"
71-->src\main\AndroidManifest.xml:41:13-48
72            android:exported="false" />
72-->src\main\AndroidManifest.xml:42:13-37
73        <activity
73-->src\main\AndroidManifest.xml:43:9-45:40
74            android:name="com.example.shopapp.ReviewListActivity"
74-->src\main\AndroidManifest.xml:44:13-47
75            android:exported="false" />
75-->src\main\AndroidManifest.xml:45:13-37
76        <activity
76-->src\main\AndroidManifest.xml:46:9-48:40
77            android:name="com.example.shopapp.ForgotPasswordActivity"
77-->src\main\AndroidManifest.xml:47:13-51
78            android:exported="false" />
78-->src\main\AndroidManifest.xml:48:13-37
79        <activity
79-->src\main\AndroidManifest.xml:49:9-51:40
80            android:name="com.example.shopapp.EditProfileActivity"
80-->src\main\AndroidManifest.xml:50:13-48
81            android:exported="false" />
81-->src\main\AndroidManifest.xml:51:13-37
82        <activity
82-->src\main\AndroidManifest.xml:52:9-54:40
83            android:name="com.example.shopapp.OrderHistoryActivity"
83-->src\main\AndroidManifest.xml:53:13-49
84            android:exported="false" />
84-->src\main\AndroidManifest.xml:54:13-37
85        <activity
85-->src\main\AndroidManifest.xml:55:9-57:40
86            android:name="com.example.shopapp.ProfileActivity"
86-->src\main\AndroidManifest.xml:56:13-44
87            android:exported="false" />
87-->src\main\AndroidManifest.xml:57:13-37
88        <activity
88-->src\main\AndroidManifest.xml:58:9-60:40
89            android:name="com.example.shopapp.VoucherSelectionActivity"
89-->src\main\AndroidManifest.xml:59:13-53
90            android:exported="false" />
90-->src\main\AndroidManifest.xml:60:13-37
91        <activity
91-->src\main\AndroidManifest.xml:61:9-63:51
92            android:name="com.example.shopapp.OrderSuccessActivity"
92-->src\main\AndroidManifest.xml:61:19-55
93            android:exported="false"
93-->src\main\AndroidManifest.xml:62:13-37
94            android:label="Đặt hàng thành công" />
94-->src\main\AndroidManifest.xml:63:13-48
95        <activity
95-->src\main\AndroidManifest.xml:64:9-68:52
96            android:name="com.example.shopapp.AddressSelectionActivity"
96-->src\main\AndroidManifest.xml:65:13-53
97            android:exported="false"
97-->src\main\AndroidManifest.xml:66:13-37
98            android:label="Chọn địa chỉ"
98-->src\main\AndroidManifest.xml:67:13-41
99            android:screenOrientation="portrait" />
99-->src\main\AndroidManifest.xml:68:13-49
100        <activity
100-->src\main\AndroidManifest.xml:69:9-74:58
101            android:name="com.example.shopapp.EditAddressActivity"
101-->src\main\AndroidManifest.xml:70:13-48
102            android:exported="false"
102-->src\main\AndroidManifest.xml:71:13-37
103            android:label="Sửa địa chỉ"
103-->src\main\AndroidManifest.xml:72:13-40
104            android:screenOrientation="portrait"
104-->src\main\AndroidManifest.xml:73:13-49
105            android:windowSoftInputMode="adjustResize" />
105-->src\main\AndroidManifest.xml:74:13-55
106        <activity
106-->src\main\AndroidManifest.xml:75:9-77:40
107            android:name="com.example.shopapp.FavoriteActivity"
107-->src\main\AndroidManifest.xml:76:13-45
108            android:exported="false" />
108-->src\main\AndroidManifest.xml:77:13-37
109        <activity
109-->src\main\AndroidManifest.xml:78:9-80:40
110            android:name="com.example.shopapp.CartActivity"
110-->src\main\AndroidManifest.xml:79:13-41
111            android:exported="false" />
111-->src\main\AndroidManifest.xml:80:13-37
112        <activity
112-->src\main\AndroidManifest.xml:81:9-83:40
113            android:name="com.example.shopapp.UserProfileActivity"
113-->src\main\AndroidManifest.xml:82:13-48
114            android:exported="false" />
114-->src\main\AndroidManifest.xml:83:13-37
115        <activity
115-->src\main\AndroidManifest.xml:84:9-92:20
116            android:name="com.example.shopapp.HomeActivity"
116-->src\main\AndroidManifest.xml:85:13-41
117            android:exported="true" >
117-->src\main\AndroidManifest.xml:86:13-36
118            <intent-filter>
118-->src\main\AndroidManifest.xml:87:13-91:29
119                <action android:name="android.intent.action.MAIN" />
119-->src\main\AndroidManifest.xml:88:17-69
119-->src\main\AndroidManifest.xml:88:25-66
120
121                <category android:name="android.intent.category.LAUNCHER" />
121-->src\main\AndroidManifest.xml:90:17-77
121-->src\main\AndroidManifest.xml:90:27-74
122            </intent-filter>
123        </activity>
124        <activity
124-->src\main\AndroidManifest.xml:93:9-95:40
125            android:name="com.example.shopapp.ProductDetailActivity"
125-->src\main\AndroidManifest.xml:94:13-50
126            android:exported="false" />
126-->src\main\AndroidManifest.xml:95:13-37
127        <activity
127-->src\main\AndroidManifest.xml:96:9-98:40
128            android:name="com.example.shopapp.CategorySearchActivity"
128-->src\main\AndroidManifest.xml:97:13-51
129            android:exported="false" />
129-->src\main\AndroidManifest.xml:98:13-37
130        <activity
130-->src\main\AndroidManifest.xml:100:9-102:40
131            android:name="com.example.shopapp.LoginActivity"
131-->src\main\AndroidManifest.xml:101:13-42
132            android:exported="false" />
132-->src\main\AndroidManifest.xml:102:13-37
133        <activity
133-->src\main\AndroidManifest.xml:103:9-105:40
134            android:name="com.example.shopapp.RegisterActivity"
134-->src\main\AndroidManifest.xml:104:13-45
135            android:exported="false" />
135-->src\main\AndroidManifest.xml:105:13-37
136        <activity android:name="com.example.shopapp.ProductListActivity" />
136-->src\main\AndroidManifest.xml:106:9-76
136-->src\main\AndroidManifest.xml:106:19-73
137
138        <service
138-->[com.google.firebase:firebase-firestore:26.0.1] AndroidManifest.xml:14:9-23:19
139            android:name="com.google.firebase.components.ComponentDiscoveryService"
139-->[com.google.firebase:firebase-firestore:26.0.1] AndroidManifest.xml:15:13-84
140            android:directBootAware="true"
140-->[com.google.firebase:firebase-common:22.0.1] AndroidManifest.xml:32:13-43
141            android:exported="false" >
141-->[com.google.firebase:firebase-firestore:26.0.1] AndroidManifest.xml:16:13-37
142            <meta-data
142-->[com.google.firebase:firebase-firestore:26.0.1] AndroidManifest.xml:17:13-19:85
143                android:name="com.google.firebase.components:com.google.firebase.firestore.FirebaseFirestoreKtxRegistrar"
143-->[com.google.firebase:firebase-firestore:26.0.1] AndroidManifest.xml:18:17-122
144                android:value="com.google.firebase.components.ComponentRegistrar" />
144-->[com.google.firebase:firebase-firestore:26.0.1] AndroidManifest.xml:19:17-82
145            <meta-data
145-->[com.google.firebase:firebase-firestore:26.0.1] AndroidManifest.xml:20:13-22:85
146                android:name="com.google.firebase.components:com.google.firebase.firestore.FirestoreRegistrar"
146-->[com.google.firebase:firebase-firestore:26.0.1] AndroidManifest.xml:21:17-111
147                android:value="com.google.firebase.components.ComponentRegistrar" />
147-->[com.google.firebase:firebase-firestore:26.0.1] AndroidManifest.xml:22:17-82
148            <meta-data
148-->[com.google.firebase:firebase-auth:24.0.1] AndroidManifest.xml:69:13-71:85
149                android:name="com.google.firebase.components:com.google.firebase.auth.FirebaseAuthRegistrar"
149-->[com.google.firebase:firebase-auth:24.0.1] AndroidManifest.xml:70:17-109
150                android:value="com.google.firebase.components.ComponentRegistrar" />
150-->[com.google.firebase:firebase-auth:24.0.1] AndroidManifest.xml:71:17-82
151            <meta-data
151-->[com.google.firebase:firebase-database:22.0.1] AndroidManifest.xml:29:13-31:85
152                android:name="com.google.firebase.components:com.google.firebase.database.FirebaseDatabaseKtxRegistrar"
152-->[com.google.firebase:firebase-database:22.0.1] AndroidManifest.xml:30:17-120
153                android:value="com.google.firebase.components.ComponentRegistrar" />
153-->[com.google.firebase:firebase-database:22.0.1] AndroidManifest.xml:31:17-82
154            <meta-data
154-->[com.google.firebase:firebase-database:22.0.1] AndroidManifest.xml:32:13-34:85
155                android:name="com.google.firebase.components:com.google.firebase.database.DatabaseRegistrar"
155-->[com.google.firebase:firebase-database:22.0.1] AndroidManifest.xml:33:17-109
156                android:value="com.google.firebase.components.ComponentRegistrar" />
156-->[com.google.firebase:firebase-database:22.0.1] AndroidManifest.xml:34:17-82
157            <meta-data
157-->[com.google.firebase:firebase-storage:22.0.1] AndroidManifest.xml:30:13-32:85
158                android:name="com.google.firebase.components:com.google.firebase.storage.FirebaseStorageKtxRegistrar"
158-->[com.google.firebase:firebase-storage:22.0.1] AndroidManifest.xml:31:17-118
159                android:value="com.google.firebase.components.ComponentRegistrar" />
159-->[com.google.firebase:firebase-storage:22.0.1] AndroidManifest.xml:32:17-82
160            <meta-data
160-->[com.google.firebase:firebase-storage:22.0.1] AndroidManifest.xml:33:13-35:85
161                android:name="com.google.firebase.components:com.google.firebase.storage.StorageRegistrar"
161-->[com.google.firebase:firebase-storage:22.0.1] AndroidManifest.xml:34:17-107
162                android:value="com.google.firebase.components.ComponentRegistrar" />
162-->[com.google.firebase:firebase-storage:22.0.1] AndroidManifest.xml:35:17-82
163            <meta-data
163-->[com.google.firebase:firebase-messaging:25.0.1] AndroidManifest.xml:57:13-59:85
164                android:name="com.google.firebase.components:com.google.firebase.messaging.FirebaseMessagingKtxRegistrar"
164-->[com.google.firebase:firebase-messaging:25.0.1] AndroidManifest.xml:58:17-122
165                android:value="com.google.firebase.components.ComponentRegistrar" />
165-->[com.google.firebase:firebase-messaging:25.0.1] AndroidManifest.xml:59:17-82
166            <meta-data
166-->[com.google.firebase:firebase-messaging:25.0.1] AndroidManifest.xml:60:13-62:85
167                android:name="com.google.firebase.components:com.google.firebase.messaging.FirebaseMessagingRegistrar"
167-->[com.google.firebase:firebase-messaging:25.0.1] AndroidManifest.xml:61:17-119
168                android:value="com.google.firebase.components.ComponentRegistrar" />
168-->[com.google.firebase:firebase-messaging:25.0.1] AndroidManifest.xml:62:17-82
169            <meta-data
169-->[com.google.android.gms:play-services-measurement-api:23.0.0] AndroidManifest.xml:33:13-35:85
170                android:name="com.google.firebase.components:com.google.firebase.analytics.connector.internal.AnalyticsConnectorRegistrar"
170-->[com.google.android.gms:play-services-measurement-api:23.0.0] AndroidManifest.xml:34:17-139
171                android:value="com.google.firebase.components.ComponentRegistrar" />
171-->[com.google.android.gms:play-services-measurement-api:23.0.0] AndroidManifest.xml:35:17-82
172            <meta-data
172-->[com.google.firebase:firebase-installations:19.0.1] AndroidManifest.xml:15:13-17:85
173                android:name="com.google.firebase.components:com.google.firebase.installations.FirebaseInstallationsKtxRegistrar"
173-->[com.google.firebase:firebase-installations:19.0.1] AndroidManifest.xml:16:17-130
174                android:value="com.google.firebase.components.ComponentRegistrar" />
174-->[com.google.firebase:firebase-installations:19.0.1] AndroidManifest.xml:17:17-82
175            <meta-data
175-->[com.google.firebase:firebase-installations:19.0.1] AndroidManifest.xml:18:13-20:85
176                android:name="com.google.firebase.components:com.google.firebase.installations.FirebaseInstallationsRegistrar"
176-->[com.google.firebase:firebase-installations:19.0.1] AndroidManifest.xml:19:17-127
177                android:value="com.google.firebase.components.ComponentRegistrar" />
177-->[com.google.firebase:firebase-installations:19.0.1] AndroidManifest.xml:20:17-82
178            <meta-data
178-->[com.google.firebase:firebase-common:22.0.1] AndroidManifest.xml:35:13-37:85
179                android:name="com.google.firebase.components:com.google.firebase.FirebaseCommonKtxRegistrar"
179-->[com.google.firebase:firebase-common:22.0.1] AndroidManifest.xml:36:17-109
180                android:value="com.google.firebase.components.ComponentRegistrar" />
180-->[com.google.firebase:firebase-common:22.0.1] AndroidManifest.xml:37:17-82
181            <meta-data
181-->[com.google.firebase:firebase-appcheck:19.0.1] AndroidManifest.xml:25:13-27:85
182                android:name="com.google.firebase.components:com.google.firebase.appcheck.FirebaseAppCheckKtxRegistrar"
182-->[com.google.firebase:firebase-appcheck:19.0.1] AndroidManifest.xml:26:17-120
183                android:value="com.google.firebase.components.ComponentRegistrar" />
183-->[com.google.firebase:firebase-appcheck:19.0.1] AndroidManifest.xml:27:17-82
184            <meta-data
184-->[com.google.firebase:firebase-appcheck:19.0.1] AndroidManifest.xml:28:13-30:85
185                android:name="com.google.firebase.components:com.google.firebase.appcheck.FirebaseAppCheckRegistrar"
185-->[com.google.firebase:firebase-appcheck:19.0.1] AndroidManifest.xml:29:17-117
186                android:value="com.google.firebase.components.ComponentRegistrar" />
186-->[com.google.firebase:firebase-appcheck:19.0.1] AndroidManifest.xml:30:17-82
187            <meta-data
187-->[com.google.firebase:firebase-datatransport:18.2.0] AndroidManifest.xml:25:13-27:85
188                android:name="com.google.firebase.components:com.google.firebase.datatransport.TransportRegistrar"
188-->[com.google.firebase:firebase-datatransport:18.2.0] AndroidManifest.xml:26:17-115
189                android:value="com.google.firebase.components.ComponentRegistrar" />
189-->[com.google.firebase:firebase-datatransport:18.2.0] AndroidManifest.xml:27:17-82
190        </service>
191
192        <activity
192-->[com.google.firebase:firebase-auth:24.0.1] AndroidManifest.xml:29:9-46:20
193            android:name="com.google.firebase.auth.internal.GenericIdpActivity"
193-->[com.google.firebase:firebase-auth:24.0.1] AndroidManifest.xml:30:13-80
194            android:excludeFromRecents="true"
194-->[com.google.firebase:firebase-auth:24.0.1] AndroidManifest.xml:31:13-46
195            android:exported="true"
195-->[com.google.firebase:firebase-auth:24.0.1] AndroidManifest.xml:32:13-36
196            android:launchMode="singleTask"
196-->[com.google.firebase:firebase-auth:24.0.1] AndroidManifest.xml:33:13-44
197            android:theme="@android:style/Theme.Translucent.NoTitleBar" >
197-->[com.google.firebase:firebase-auth:24.0.1] AndroidManifest.xml:34:13-72
198            <intent-filter>
198-->[com.google.firebase:firebase-auth:24.0.1] AndroidManifest.xml:35:13-45:29
199                <action android:name="android.intent.action.VIEW" />
199-->src\main\AndroidManifest.xml:30:17-69
199-->src\main\AndroidManifest.xml:30:25-66
200
201                <category android:name="android.intent.category.DEFAULT" />
201-->src\main\AndroidManifest.xml:31:17-76
201-->src\main\AndroidManifest.xml:31:27-73
202                <category android:name="android.intent.category.BROWSABLE" />
202-->src\main\AndroidManifest.xml:32:17-78
202-->src\main\AndroidManifest.xml:32:27-75
203
204                <data
204-->src\main\AndroidManifest.xml:33:17-104
205                    android:host="firebase.auth"
205-->src\main\AndroidManifest.xml:33:44-66
206                    android:path="/"
207                    android:scheme="genericidp" />
207-->src\main\AndroidManifest.xml:33:23-43
208            </intent-filter>
209        </activity>
210        <activity
210-->[com.google.firebase:firebase-auth:24.0.1] AndroidManifest.xml:47:9-64:20
211            android:name="com.google.firebase.auth.internal.RecaptchaActivity"
211-->[com.google.firebase:firebase-auth:24.0.1] AndroidManifest.xml:48:13-79
212            android:excludeFromRecents="true"
212-->[com.google.firebase:firebase-auth:24.0.1] AndroidManifest.xml:49:13-46
213            android:exported="true"
213-->[com.google.firebase:firebase-auth:24.0.1] AndroidManifest.xml:50:13-36
214            android:launchMode="singleTask"
214-->[com.google.firebase:firebase-auth:24.0.1] AndroidManifest.xml:51:13-44
215            android:theme="@android:style/Theme.Translucent.NoTitleBar" >
215-->[com.google.firebase:firebase-auth:24.0.1] AndroidManifest.xml:52:13-72
216            <intent-filter>
216-->[com.google.firebase:firebase-auth:24.0.1] AndroidManifest.xml:53:13-63:29
217                <action android:name="android.intent.action.VIEW" />
217-->src\main\AndroidManifest.xml:30:17-69
217-->src\main\AndroidManifest.xml:30:25-66
218
219                <category android:name="android.intent.category.DEFAULT" />
219-->src\main\AndroidManifest.xml:31:17-76
219-->src\main\AndroidManifest.xml:31:27-73
220                <category android:name="android.intent.category.BROWSABLE" />
220-->src\main\AndroidManifest.xml:32:17-78
220-->src\main\AndroidManifest.xml:32:27-75
221
222                <data
222-->src\main\AndroidManifest.xml:33:17-104
223                    android:host="firebase.auth"
223-->src\main\AndroidManifest.xml:33:44-66
224                    android:path="/"
225                    android:scheme="recaptcha" />
225-->src\main\AndroidManifest.xml:33:23-43
226            </intent-filter>
227        </activity>
228
229        <receiver
229-->[com.google.firebase:firebase-messaging:25.0.1] AndroidManifest.xml:29:9-40:20
230            android:name="com.google.firebase.iid.FirebaseInstanceIdReceiver"
230-->[com.google.firebase:firebase-messaging:25.0.1] AndroidManifest.xml:30:13-78
231            android:exported="true"
231-->[com.google.firebase:firebase-messaging:25.0.1] AndroidManifest.xml:31:13-36
232            android:permission="com.google.android.c2dm.permission.SEND" >
232-->[com.google.firebase:firebase-messaging:25.0.1] AndroidManifest.xml:32:13-73
233            <intent-filter>
233-->[com.google.firebase:firebase-messaging:25.0.1] AndroidManifest.xml:33:13-35:29
234                <action android:name="com.google.android.c2dm.intent.RECEIVE" />
234-->[com.google.firebase:firebase-messaging:25.0.1] AndroidManifest.xml:34:17-81
234-->[com.google.firebase:firebase-messaging:25.0.1] AndroidManifest.xml:34:25-78
235            </intent-filter>
236
237            <meta-data
237-->[com.google.firebase:firebase-messaging:25.0.1] AndroidManifest.xml:37:13-39:40
238                android:name="com.google.android.gms.cloudmessaging.FINISHED_AFTER_HANDLED"
238-->[com.google.firebase:firebase-messaging:25.0.1] AndroidManifest.xml:38:17-92
239                android:value="true" />
239-->[com.google.firebase:firebase-messaging:25.0.1] AndroidManifest.xml:39:17-37
240        </receiver>
241        <!--
242             FirebaseMessagingService performs security checks at runtime,
243             but set to not exported to explicitly avoid allowing another app to call it.
244        -->
245        <service
245-->[com.google.firebase:firebase-messaging:25.0.1] AndroidManifest.xml:46:9-53:19
246            android:name="com.google.firebase.messaging.FirebaseMessagingService"
246-->[com.google.firebase:firebase-messaging:25.0.1] AndroidManifest.xml:47:13-82
247            android:directBootAware="true"
247-->[com.google.firebase:firebase-messaging:25.0.1] AndroidManifest.xml:48:13-43
248            android:exported="false" >
248-->[com.google.firebase:firebase-messaging:25.0.1] AndroidManifest.xml:49:13-37
249            <intent-filter android:priority="-500" >
249-->src\main\AndroidManifest.xml:21:13-23:29
250                <action android:name="com.google.firebase.MESSAGING_EVENT" />
250-->src\main\AndroidManifest.xml:22:17-78
250-->src\main\AndroidManifest.xml:22:25-75
251            </intent-filter>
252        </service>
253
254        <receiver
254-->[com.google.android.gms:play-services-measurement:23.0.0] AndroidManifest.xml:29:9-33:20
255            android:name="com.google.android.gms.measurement.AppMeasurementReceiver"
255-->[com.google.android.gms:play-services-measurement:23.0.0] AndroidManifest.xml:30:13-85
256            android:enabled="true"
256-->[com.google.android.gms:play-services-measurement:23.0.0] AndroidManifest.xml:31:13-35
257            android:exported="false" >
257-->[com.google.android.gms:play-services-measurement:23.0.0] AndroidManifest.xml:32:13-37
258        </receiver>
259
260        <service
260-->[com.google.android.gms:play-services-measurement:23.0.0] AndroidManifest.xml:35:9-38:40
261            android:name="com.google.android.gms.measurement.AppMeasurementService"
261-->[com.google.android.gms:play-services-measurement:23.0.0] AndroidManifest.xml:36:13-84
262            android:enabled="true"
262-->[com.google.android.gms:play-services-measurement:23.0.0] AndroidManifest.xml:37:13-35
263            android:exported="false" />
263-->[com.google.android.gms:play-services-measurement:23.0.0] AndroidManifest.xml:38:13-37
264        <service
264-->[com.google.android.gms:play-services-measurement:23.0.0] AndroidManifest.xml:39:9-43:72
265            android:name="com.google.android.gms.measurement.AppMeasurementJobService"
265-->[com.google.android.gms:play-services-measurement:23.0.0] AndroidManifest.xml:40:13-87
266            android:enabled="true"
266-->[com.google.android.gms:play-services-measurement:23.0.0] AndroidManifest.xml:41:13-35
267            android:exported="false"
267-->[com.google.android.gms:play-services-measurement:23.0.0] AndroidManifest.xml:42:13-37
268            android:permission="android.permission.BIND_JOB_SERVICE" />
268-->[com.google.android.gms:play-services-measurement:23.0.0] AndroidManifest.xml:43:13-69
269        <service
269-->[androidx.credentials:credentials-play-services-auth:1.2.0-rc01] AndroidManifest.xml:24:9-32:19
270            android:name="androidx.credentials.playservices.CredentialProviderMetadataHolder"
270-->[androidx.credentials:credentials-play-services-auth:1.2.0-rc01] AndroidManifest.xml:25:13-94
271            android:enabled="true"
271-->[androidx.credentials:credentials-play-services-auth:1.2.0-rc01] AndroidManifest.xml:26:13-35
272            android:exported="false" >
272-->[androidx.credentials:credentials-play-services-auth:1.2.0-rc01] AndroidManifest.xml:27:13-37
273            <meta-data
273-->[androidx.credentials:credentials-play-services-auth:1.2.0-rc01] AndroidManifest.xml:29:13-31:104
274                android:name="androidx.credentials.CREDENTIAL_PROVIDER_KEY"
274-->[androidx.credentials:credentials-play-services-auth:1.2.0-rc01] AndroidManifest.xml:30:17-76
275                android:value="androidx.credentials.playservices.CredentialProviderPlayServicesImpl" />
275-->[androidx.credentials:credentials-play-services-auth:1.2.0-rc01] AndroidManifest.xml:31:17-101
276        </service>